[2026-03-17 21:25:17] 开始健康检查
[2026-03-17 21:25:17] ❌ API 服务异常，尝试重启
[2026-03-17 21:25:17] 🔄 重启命令已执行
[2026-03-17 21:25:17] 📊 当前可用账号数: 5
[2026-03-17 21:55:17] 开始健康检查
[2026-03-17 21:55:17] ✅ API 服务正常
[2026-03-17 21:55:17] 📊 当前可用账号数: 5
[2026-03-17 22:30:07] 开始健康检查
[2026-03-17 22:30:07] ✅ API 服务正常
[2026-03-17 22:30:07] 📊 当前可用账号数: 5
[2026-03-17 23:00:09] 开始健康检查
[2026-03-17 23:00:09] ✅ API 服务正常
[2026-03-17 23:00:09] 📊 当前可用账号数: 5
[2026-03-17 23:30:08] 开始健康检查
[2026-03-17 23:30:08] ✅ API 服务正常
[2026-03-17 23:30:08] 📊 当前可用账号数: 5
[2026-03-18 00:00:06] 开始健康检查
[2026-03-18 00:00:06] ✅ API 服务正常
[2026-03-18 00:00:06] 📊 当前可用账号数: 5
[2026-03-18 00:30:08] 开始健康检查
[2026-03-18 00:30:08] ✅ API 服务正常
[2026-03-18 00:30:08] 📊 当前可用账号数: 5
[2026-03-18 02:25:22] 开始健康检查
[2026-03-18 02:25:22] ✅ API 服务正常
[2026-03-18 02:25:22] 📊 当前可用账号数: 18
[2026-03-18 02:55:19] 开始健康检查
[2026-03-18 02:55:19] ✅ API 服务正常
[2026-03-18 02:55:19] 📊 当前可用账号数: 18
[2026-03-18 03:25:16] 开始健康检查
[2026-03-18 03:25:16] ✅ API 服务正常
[2026-03-18 03:25:17] 📊 当前可用账号数: 18
[2026-03-18 05:25:39] 开始健康检查
[2026-03-18 05:25:39] ✅ API 服务正常
[2026-03-18 05:25:39] 📊 当前可用账号数: 18
[2026-03-18 05:55:16] 开始健康检查
[2026-03-18 05:55:16] ✅ API 服务正常
[2026-03-18 05:55:16] 📊 当前可用账号数: 18
[2026-03-18 06:25:16] 开始健康检查
[2026-03-18 06:25:16] ✅ API 服务正常
[2026-03-18 06:25:16] 📊 当前可用账号数: 18
[2026-03-18 06:55:17] 开始健康检查
[2026-03-18 06:55:18] ✅ API 服务正常
[2026-03-18 06:55:18] 📊 当前可用账号数: 18
[2026-03-18 07:25:18] 开始健康检查
[2026-03-18 07:25:18] ✅ API 服务正常
[2026-03-18 07:25:18] 📊 当前可用账号数: 18
[2026-03-18 07:55:16] 开始健康检查
[2026-03-18 07:55:16] ✅ API 服务正常
[2026-03-18 07:55:16] 📊 当前可用账号数: 18
[2026-03-18 08:25:16] 开始健康检查
[2026-03-18 08:25:16] ✅ API 服务正常
[2026-03-18 08:25:16] 📊 当前可用账号数: 18
[2026-03-18 08:55:20] 开始健康检查
[2026-03-18 08:55:20] ✅ API 服务正常
[2026-03-18 08:55:20] 📊 当前可用账号数: 18
[2026-03-18 09:25:16] 开始健康检查
[2026-03-18 09:25:16] ✅ API 服务正常
[2026-03-18 09:25:16] 📊 当前可用账号数: 18
[2026-03-18 09:55:16] 开始健康检查
[2026-03-18 09:55:16] ✅ API 服务正常
[2026-03-18 09:55:16] 📊 当前可用账号数: 18
[2026-03-18 10:25:18] 开始健康检查
[2026-03-18 10:25:18] ✅ API 服务正常
[2026-03-18 10:25:18] 📊 当前可用账号数: 18
[2026-03-18 10:55:24] 开始健康检查
[2026-03-18 10:55:24] ✅ API 服务正常
[2026-03-18 10:55:24] 📊 当前可用账号数: 18
[2026-03-18 11:26:19] 开始健康检查
[2026-03-18 11:26:19] ✅ API 服务正常
[2026-03-18 11:26:19] 📊 当前可用账号数: 18
[2026-03-18 11:55:18] 开始健康检查
[2026-03-18 11:55:18] ✅ API 服务正常
[2026-03-18 11:55:18] 📊 当前可用账号数: 18
[2026-03-18 12:25:17] 开始健康检查
[2026-03-18 12:25:17] ✅ API 服务正常
[2026-03-18 12:25:17] 📊 当前可用账号数: 18
[2026-03-18 12:55:17] 开始健康检查
[2026-03-18 12:55:17] ✅ API 服务正常
[2026-03-18 12:55:17] 📊 当前可用账号数: 18
[2026-03-18 13:25:17] 开始健康检查
[2026-03-18 13:25:17] ✅ API 服务正常
[2026-03-18 13:25:17] 📊 当前可用账号数: 18
[2026-03-18 13:57:36] 开始健康检查
[2026-03-18 13:57:36] ✅ API 服务正常
[2026-03-18 13:57:36] 📊 当前可用账号数: 18
[2026-03-19 02:55:18] 开始健康检查
[2026-03-19 02:55:18] ❌ API 服务异常，尝试重启
[2026-03-19 02:55:18] 🔄 重启命令已执行
[2026-03-19 02:55:18] 📊 当前可用账号数: 18
[2026-03-19 03:25:18] 开始健康检查
[2026-03-19 03:25:18] ✅ API 服务正常
[2026-03-19 03:25:18] 📊 当前可用账号数: 18
[2026-03-19 03:56:44] 开始健康检查
[2026-03-19 03:56:44] ❌ API 服务异常，尝试重启
[2026-03-19 03:56:44] 🔄 重启命令已执行
[2026-03-19 03:56:44] 📊 当前可用账号数: 18
[2026-03-19 04:26:42] 开始健康检查
[2026-03-19 04:26:42] ✅ API 服务正常
[2026-03-19 04:26:42] 📊 当前可用账号数: 18
[2026-03-19 04:58:09] 开始健康检查
[2026-03-19 04:58:09] ✅ API 服务正常
[2026-03-19 04:58:09] 📊 当前可用账号数: 18
