[2026-03-17 20:56:34] 📊 总账号: 5 | 可用: 5
[2026-03-17 20:56:34]   🟢 活跃 96madhqngv7@duckmail | 剩余   9 天
[2026-03-17 20:56:34]   🟢 活跃 65lgea8j3@duckmail.s | 剩余   9 天
[2026-03-17 20:56:34]   🟢 活跃 z1ie7tzdeseo@duckmai | 剩余   5 天
[2026-03-17 20:56:34]   🟢 活跃 cd3fyb6e@duckmail.sb | 剩余   5 天
[2026-03-17 20:56:34]   🟢 活跃 i5c07s4sf2h@duckmail | 剩余   5 天
[2026-03-17 21:56:46] 📊 总账号: 5 | 可用: 5
[2026-03-17 21:56:46]   🟢 活跃 96madhqngv7@duckmail | 剩余   9 天
[2026-03-17 21:56:46]   🟢 活跃 65lgea8j3@duckmail.s | 剩余   9 天
[2026-03-17 21:56:46]   🟢 活跃 z1ie7tzdeseo@duckmai | 剩余   5 天
[2026-03-17 21:56:46]   🟢 活跃 cd3fyb6e@duckmail.sb | 剩余   5 天
[2026-03-17 21:56:46]   🟢 活跃 i5c07s4sf2h@duckmail | 剩余   5 天
[2026-03-17 22:56:47] 📊 总账号: 5 | 可用: 5
[2026-03-17 22:56:47]   🟢 活跃 96madhqngv7@duckmail | 剩余   9 天
[2026-03-17 22:56:47]   🟢 活跃 65lgea8j3@duckmail.s | 剩余   9 天
[2026-03-17 22:56:47]   🟢 活跃 z1ie7tzdeseo@duckmai | 剩余   5 天
[2026-03-17 22:56:47]   🟢 活跃 cd3fyb6e@duckmail.sb | 剩余   5 天
[2026-03-17 22:56:47]   🟢 活跃 i5c07s4sf2h@duckmail | 剩余   5 天
[2026-03-18 00:56:48] 📊 总账号: 5 | 可用: 5
[2026-03-18 00:56:48]   🟢 活跃 z1ie7tzdeseo@duckmai | 剩余   9 天
[2026-03-18 00:56:48]   🟢 活跃 cd3fyb6e@duckmail.sb | 剩余   9 天
[2026-03-18 00:56:48]   🟢 活跃 96madhqngv7@duckmail | 剩余   9 天
[2026-03-18 00:56:48]   🟢 活跃 65lgea8j3@duckmail.s | 剩余   9 天
[2026-03-18 00:56:48]   🟢 活跃 i5c07s4sf2h@duckmail | 剩余   9 天
[2026-03-18 02:02:16] 📊 总账号: 18 | 可用: 18
[2026-03-18 02:02:16]   🟢 活跃 65lgea8j3@duckmail.s | 剩余   9 天
[2026-03-18 02:02:16]   🟢 活跃 pnhctke5xuk@duckmail | 剩余   9 天
[2026-03-18 02:02:16]   🟢 活跃 ayy8keahf9lf@duckmai | 剩余   9 天
[2026-03-18 02:02:16]   🟢 活跃 z1ie7tzdeseo@duckmai | 剩余   9 天
[2026-03-18 02:02:16]   🟢 活跃 t2ed73jf@duckmail.sb | 剩余   9 天
[2026-03-18 02:02:16]   🟢 活跃 cd3fyb6e@duckmail.sb | 剩余   9 天
[2026-03-18 02:02:16]   🟢 活跃 m4pke8zrd@duckmail.s | 剩余   9 天
[2026-03-18 02:02:16]   🟢 活跃 96madhqngv7@duckmail | 剩余   9 天
[2026-03-18 02:02:16]   🟢 活跃 41xcbnrhletw2@duckma | 剩余   9 天
[2026-03-18 02:02:16]   🟢 活跃 65lgea8j3@duckmail.s | 剩余   9 天
[2026-03-18 02:02:16]   🟢 活跃 2j0jaynvtvg5@duckmai | 剩余   9 天
[2026-03-18 02:02:16]   🟢 活跃 96madhqngv7@duckmail | 剩余   9 天
[2026-03-18 02:02:16]   🟢 活跃 necu0g078tc60@duckma | 剩余   9 天
[2026-03-18 02:02:16]   🟢 活跃 x6pcntk8@duckmail.sb | 剩余   9 天
[2026-03-18 02:02:16]   🟢 活跃 i5c07s4sf2h@duckmail | 剩余   9 天
[2026-03-18 02:02:16]   🟢 活跃 cd3fyb6e@duckmail.sb | 剩余   4 天
[2026-03-18 02:02:16]   🟢 活跃 z1ie7tzdeseo@duckmai | 剩余   4 天
[2026-03-18 02:02:16]   🟢 活跃 i5c07s4sf2h@duckmail | 剩余   4 天
[2026-03-18 03:03:30] 📊 总账号: 18 | 可用: 18
[2026-03-18 03:03:30]   🟢 活跃 65lgea8j3@duckmail.s | 剩余   9 天
[2026-03-18 03:03:30]   🟢 活跃 pnhctke5xuk@duckmail | 剩余   9 天
[2026-03-18 03:03:30]   🟢 活跃 ayy8keahf9lf@duckmai | 剩余   9 天
[2026-03-18 03:03:30]   🟢 活跃 z1ie7tzdeseo@duckmai | 剩余   9 天
[2026-03-18 03:03:30]   🟢 活跃 t2ed73jf@duckmail.sb | 剩余   9 天
[2026-03-18 03:03:30]   🟢 活跃 cd3fyb6e@duckmail.sb | 剩余   9 天
[2026-03-18 03:03:30]   🟢 活跃 m4pke8zrd@duckmail.s | 剩余   9 天
[2026-03-18 03:03:30]   🟢 活跃 96madhqngv7@duckmail | 剩余   9 天
[2026-03-18 03:03:30]   🟢 活跃 41xcbnrhletw2@duckma | 剩余   9 天
[2026-03-18 03:03:30]   🟢 活跃 65lgea8j3@duckmail.s | 剩余   9 天
[2026-03-18 03:03:30]   🟢 活跃 2j0jaynvtvg5@duckmai | 剩余   9 天
[2026-03-18 03:03:30]   🟢 活跃 96madhqngv7@duckmail | 剩余   9 天
[2026-03-18 03:03:30]   🟢 活跃 necu0g078tc60@duckma | 剩余   9 天
[2026-03-18 03:03:30]   🟢 活跃 x6pcntk8@duckmail.sb | 剩余   9 天
[2026-03-18 03:03:30]   🟢 活跃 i5c07s4sf2h@duckmail | 剩余   9 天
[2026-03-18 03:03:30]   🟢 活跃 cd3fyb6e@duckmail.sb | 剩余   4 天
[2026-03-18 03:03:30]   🟢 活跃 z1ie7tzdeseo@duckmai | 剩余   4 天
[2026-03-18 03:03:30]   🟢 活跃 i5c07s4sf2h@duckmail | 剩余   4 天
[2026-03-18 05:57:18] 📊 总账号: 18 | 可用: 18
[2026-03-18 05:57:18]   🟢 活跃 65lgea8j3@duckmail.s | 剩余   9 天
[2026-03-18 05:57:18]   🟢 活跃 pnhctke5xuk@duckmail | 剩余   9 天
[2026-03-18 05:57:18]   🟢 活跃 ayy8keahf9lf@duckmai | 剩余   9 天
[2026-03-18 05:57:18]   🟢 活跃 z1ie7tzdeseo@duckmai | 剩余   9 天
[2026-03-18 05:57:18]   🟢 活跃 t2ed73jf@duckmail.sb | 剩余   9 天
[2026-03-18 05:57:18]   🟢 活跃 cd3fyb6e@duckmail.sb | 剩余   9 天
[2026-03-18 05:57:18]   🟢 活跃 m4pke8zrd@duckmail.s | 剩余   9 天
[2026-03-18 05:57:18]   🟢 活跃 96madhqngv7@duckmail | 剩余   9 天
[2026-03-18 05:57:18]   🟢 活跃 41xcbnrhletw2@duckma | 剩余   9 天
[2026-03-18 05:57:18]   🟢 活跃 65lgea8j3@duckmail.s | 剩余   9 天
[2026-03-18 05:57:18]   🟢 活跃 2j0jaynvtvg5@duckmai | 剩余   9 天
[2026-03-18 05:57:18]   🟢 活跃 96madhqngv7@duckmail | 剩余   9 天
[2026-03-18 05:57:18]   🟢 活跃 necu0g078tc60@duckma | 剩余   9 天
[2026-03-18 05:57:18]   🟢 活跃 x6pcntk8@duckmail.sb | 剩余   9 天
[2026-03-18 05:57:18]   🟢 活跃 i5c07s4sf2h@duckmail | 剩余   9 天
[2026-03-18 05:57:18]   🟢 活跃 cd3fyb6e@duckmail.sb | 剩余   4 天
[2026-03-18 05:57:18]   🟢 活跃 z1ie7tzdeseo@duckmai | 剩余   4 天
[2026-03-18 05:57:18]   🟢 活跃 i5c07s4sf2h@duckmail | 剩余   4 天
[2026-03-18 06:57:19] 📊 总账号: 18 | 可用: 18
[2026-03-18 06:57:19]   🟢 活跃 65lgea8j3@duckmail.s | 剩余   9 天
[2026-03-18 06:57:19]   🟢 活跃 pnhctke5xuk@duckmail | 剩余   9 天
[2026-03-18 06:57:19]   🟢 活跃 ayy8keahf9lf@duckmai | 剩余   9 天
[2026-03-18 06:57:19]   🟢 活跃 z1ie7tzdeseo@duckmai | 剩余   9 天
[2026-03-18 06:57:19]   🟢 活跃 t2ed73jf@duckmail.sb | 剩余   9 天
[2026-03-18 06:57:19]   🟢 活跃 cd3fyb6e@duckmail.sb | 剩余   9 天
[2026-03-18 06:57:19]   🟢 活跃 m4pke8zrd@duckmail.s | 剩余   9 天
[2026-03-18 06:57:19]   🟢 活跃 96madhqngv7@duckmail | 剩余   9 天
[2026-03-18 06:57:19]   🟢 活跃 41xcbnrhletw2@duckma | 剩余   9 天
[2026-03-18 06:57:19]   🟢 活跃 65lgea8j3@duckmail.s | 剩余   9 天
[2026-03-18 06:57:19]   🟢 活跃 2j0jaynvtvg5@duckmai | 剩余   9 天
[2026-03-18 06:57:19]   🟢 活跃 96madhqngv7@duckmail | 剩余   9 天
[2026-03-18 06:57:19]   🟢 活跃 necu0g078tc60@duckma | 剩余   9 天
[2026-03-18 06:57:19]   🟢 活跃 x6pcntk8@duckmail.sb | 剩余   9 天
[2026-03-18 06:57:19]   🟢 活跃 i5c07s4sf2h@duckmail | 剩余   9 天
[2026-03-18 06:57:19]   🟢 活跃 cd3fyb6e@duckmail.sb | 剩余   4 天
[2026-03-18 06:57:19]   🟢 活跃 z1ie7tzdeseo@duckmai | 剩余   4 天
[2026-03-18 06:57:19]   🟢 活跃 i5c07s4sf2h@duckmail | 剩余   4 天
[2026-03-18 07:57:19] 📊 总账号: 18 | 可用: 18
[2026-03-18 07:57:19]   🟢 活跃 65lgea8j3@duckmail.s | 剩余   9 天
[2026-03-18 07:57:19]   🟢 活跃 pnhctke5xuk@duckmail | 剩余   9 天
[2026-03-18 07:57:19]   🟢 活跃 ayy8keahf9lf@duckmai | 剩余   9 天
[2026-03-18 07:57:19]   🟢 活跃 z1ie7tzdeseo@duckmai | 剩余   9 天
[2026-03-18 07:57:19]   🟢 活跃 t2ed73jf@duckmail.sb | 剩余   9 天
[2026-03-18 07:57:19]   🟢 活跃 cd3fyb6e@duckmail.sb | 剩余   9 天
[2026-03-18 07:57:19]   🟢 活跃 m4pke8zrd@duckmail.s | 剩余   9 天
[2026-03-18 07:57:19]   🟢 活跃 96madhqngv7@duckmail | 剩余   9 天
[2026-03-18 07:57:19]   🟢 活跃 41xcbnrhletw2@duckma | 剩余   9 天
[2026-03-18 07:57:19]   🟢 活跃 65lgea8j3@duckmail.s | 剩余   9 天
[2026-03-18 07:57:19]   🟢 活跃 2j0jaynvtvg5@duckmai | 剩余   9 天
[2026-03-18 07:57:19]   🟢 活跃 96madhqngv7@duckmail | 剩余   9 天
[2026-03-18 07:57:19]   🟢 活跃 necu0g078tc60@duckma | 剩余   9 天
[2026-03-18 07:57:19]   🟢 活跃 x6pcntk8@duckmail.sb | 剩余   9 天
[2026-03-18 07:57:19]   🟢 活跃 i5c07s4sf2h@duckmail | 剩余   9 天
[2026-03-18 07:57:19]   🟢 活跃 cd3fyb6e@duckmail.sb | 剩余   4 天
[2026-03-18 07:57:19]   🟢 活跃 z1ie7tzdeseo@duckmai | 剩余   4 天
[2026-03-18 07:57:19]   🟢 活跃 i5c07s4sf2h@duckmail | 剩余   4 天
[2026-03-18 08:57:18] 📊 总账号: 18 | 可用: 18
[2026-03-18 08:57:18]   🟢 活跃 65lgea8j3@duckmail.s | 剩余   9 天
[2026-03-18 08:57:18]   🟢 活跃 pnhctke5xuk@duckmail | 剩余   9 天
[2026-03-18 08:57:18]   🟢 活跃 ayy8keahf9lf@duckmai | 剩余   9 天
[2026-03-18 08:57:18]   🟢 活跃 z1ie7tzdeseo@duckmai | 剩余   9 天
[2026-03-18 08:57:18]   🟢 活跃 t2ed73jf@duckmail.sb | 剩余   9 天
[2026-03-18 08:57:18]   🟢 活跃 cd3fyb6e@duckmail.sb | 剩余   9 天
[2026-03-18 08:57:18]   🟢 活跃 m4pke8zrd@duckmail.s | 剩余   9 天
[2026-03-18 08:57:18]   🟢 活跃 96madhqngv7@duckmail | 剩余   9 天
[2026-03-18 08:57:18]   🟢 活跃 41xcbnrhletw2@duckma | 剩余   9 天
[2026-03-18 08:57:18]   🟢 活跃 65lgea8j3@duckmail.s | 剩余   9 天
[2026-03-18 08:57:18]   🟢 活跃 2j0jaynvtvg5@duckmai | 剩余   9 天
[2026-03-18 08:57:18]   🟢 活跃 96madhqngv7@duckmail | 剩余   9 天
[2026-03-18 08:57:18]   🟢 活跃 necu0g078tc60@duckma | 剩余   9 天
[2026-03-18 08:57:18]   🟢 活跃 x6pcntk8@duckmail.sb | 剩余   9 天
[2026-03-18 08:57:18]   🟢 活跃 i5c07s4sf2h@duckmail | 剩余   9 天
[2026-03-18 08:57:18]   🟢 活跃 cd3fyb6e@duckmail.sb | 剩余   4 天
[2026-03-18 08:57:18]   🟢 活跃 z1ie7tzdeseo@duckmai | 剩余   4 天
[2026-03-18 08:57:18]   🟢 活跃 i5c07s4sf2h@duckmail | 剩余   4 天
[2026-03-18 09:57:32] 📊 总账号: 18 | 可用: 18
[2026-03-18 09:57:32]   🟢 活跃 65lgea8j3@duckmail.s | 剩余   9 天
[2026-03-18 09:57:32]   🟢 活跃 pnhctke5xuk@duckmail | 剩余   9 天
[2026-03-18 09:57:32]   🟢 活跃 ayy8keahf9lf@duckmai | 剩余   9 天
[2026-03-18 09:57:32]   🟢 活跃 z1ie7tzdeseo@duckmai | 剩余   9 天
[2026-03-18 09:57:32]   🟢 活跃 t2ed73jf@duckmail.sb | 剩余   9 天
[2026-03-18 09:57:32]   🟢 活跃 cd3fyb6e@duckmail.sb | 剩余   9 天
[2026-03-18 09:57:32]   🟢 活跃 m4pke8zrd@duckmail.s | 剩余   9 天
[2026-03-18 09:57:32]   🟢 活跃 96madhqngv7@duckmail | 剩余   9 天
[2026-03-18 09:57:32]   🟢 活跃 41xcbnrhletw2@duckma | 剩余   9 天
[2026-03-18 09:57:32]   🟢 活跃 65lgea8j3@duckmail.s | 剩余   9 天
[2026-03-18 09:57:32]   🟢 活跃 2j0jaynvtvg5@duckmai | 剩余   9 天
[2026-03-18 09:57:32]   🟢 活跃 96madhqngv7@duckmail | 剩余   9 天
[2026-03-18 09:57:32]   🟢 活跃 necu0g078tc60@duckma | 剩余   9 天
[2026-03-18 09:57:32]   🟢 活跃 x6pcntk8@duckmail.sb | 剩余   9 天
[2026-03-18 09:57:32]   🟢 活跃 i5c07s4sf2h@duckmail | 剩余   9 天
[2026-03-18 09:57:32]   🟢 活跃 cd3fyb6e@duckmail.sb | 剩余   4 天
[2026-03-18 09:57:32]   🟢 活跃 z1ie7tzdeseo@duckmai | 剩余   4 天
[2026-03-18 09:57:32]   🟢 活跃 i5c07s4sf2h@duckmail | 剩余   4 天
[2026-03-18 10:57:19] 📊 总账号: 18 | 可用: 18
[2026-03-18 10:57:19]   🟢 活跃 65lgea8j3@duckmail.s | 剩余   9 天
[2026-03-18 10:57:19]   🟢 活跃 pnhctke5xuk@duckmail | 剩余   9 天
[2026-03-18 10:57:19]   🟢 活跃 ayy8keahf9lf@duckmai | 剩余   9 天
[2026-03-18 10:57:19]   🟢 活跃 z1ie7tzdeseo@duckmai | 剩余   9 天
[2026-03-18 10:57:19]   🟢 活跃 t2ed73jf@duckmail.sb | 剩余   9 天
[2026-03-18 10:57:19]   🟢 活跃 cd3fyb6e@duckmail.sb | 剩余   9 天
[2026-03-18 10:57:19]   🟢 活跃 m4pke8zrd@duckmail.s | 剩余   9 天
[2026-03-18 10:57:19]   🟢 活跃 96madhqngv7@duckmail | 剩余   9 天
[2026-03-18 10:57:19]   🟢 活跃 41xcbnrhletw2@duckma | 剩余   9 天
[2026-03-18 10:57:19]   🟢 活跃 65lgea8j3@duckmail.s | 剩余   9 天
[2026-03-18 10:57:19]   🟢 活跃 2j0jaynvtvg5@duckmai | 剩余   9 天
[2026-03-18 10:57:19]   🟢 活跃 96madhqngv7@duckmail | 剩余   9 天
[2026-03-18 10:57:19]   🟢 活跃 necu0g078tc60@duckma | 剩余   9 天
[2026-03-18 10:57:19]   🟢 活跃 x6pcntk8@duckmail.sb | 剩余   9 天
[2026-03-18 10:57:19]   🟢 活跃 i5c07s4sf2h@duckmail | 剩余   9 天
[2026-03-18 10:57:19]   🟢 活跃 cd3fyb6e@duckmail.sb | 剩余   4 天
[2026-03-18 10:57:19]   🟢 活跃 z1ie7tzdeseo@duckmai | 剩余   4 天
[2026-03-18 10:57:19]   🟢 活跃 i5c07s4sf2h@duckmail | 剩余   4 天
[2026-03-18 11:57:28] 📊 总账号: 18 | 可用: 18
[2026-03-18 11:57:28]   🟢 活跃 65lgea8j3@duckmail.s | 剩余   9 天
[2026-03-18 11:57:28]   🟢 活跃 pnhctke5xuk@duckmail | 剩余   9 天
[2026-03-18 11:57:28]   🟢 活跃 ayy8keahf9lf@duckmai | 剩余   9 天
[2026-03-18 11:57:28]   🟢 活跃 z1ie7tzdeseo@duckmai | 剩余   9 天
[2026-03-18 11:57:28]   🟢 活跃 t2ed73jf@duckmail.sb | 剩余   9 天
[2026-03-18 11:57:28]   🟢 活跃 cd3fyb6e@duckmail.sb | 剩余   9 天
[2026-03-18 11:57:28]   🟢 活跃 m4pke8zrd@duckmail.s | 剩余   9 天
[2026-03-18 11:57:28]   🟢 活跃 96madhqngv7@duckmail | 剩余   9 天
[2026-03-18 11:57:28]   🟢 活跃 41xcbnrhletw2@duckma | 剩余   9 天
[2026-03-18 11:57:28]   🟢 活跃 65lgea8j3@duckmail.s | 剩余   9 天
[2026-03-18 11:57:28]   🟢 活跃 2j0jaynvtvg5@duckmai | 剩余   9 天
[2026-03-18 11:57:28]   🟢 活跃 96madhqngv7@duckmail | 剩余   9 天
[2026-03-18 11:57:28]   🟢 活跃 necu0g078tc60@duckma | 剩余   9 天
[2026-03-18 11:57:28]   🟢 活跃 x6pcntk8@duckmail.sb | 剩余   9 天
[2026-03-18 11:57:28]   🟢 活跃 i5c07s4sf2h@duckmail | 剩余   9 天
[2026-03-18 11:57:28]   🟢 活跃 cd3fyb6e@duckmail.sb | 剩余   4 天
[2026-03-18 11:57:28]   🟢 活跃 z1ie7tzdeseo@duckmai | 剩余   4 天
[2026-03-18 11:57:28]   🟢 活跃 i5c07s4sf2h@duckmail | 剩余   4 天
[2026-03-18 12:57:18] 📊 总账号: 18 | 可用: 18
[2026-03-18 12:57:18]   🟢 活跃 65lgea8j3@duckmail.s | 剩余   9 天
[2026-03-18 12:57:18]   🟢 活跃 pnhctke5xuk@duckmail | 剩余   9 天
[2026-03-18 12:57:18]   🟢 活跃 ayy8keahf9lf@duckmai | 剩余   9 天
[2026-03-18 12:57:18]   🟢 活跃 z1ie7tzdeseo@duckmai | 剩余   9 天
[2026-03-18 12:57:18]   🟢 活跃 t2ed73jf@duckmail.sb | 剩余   9 天
[2026-03-18 12:57:18]   🟢 活跃 cd3fyb6e@duckmail.sb | 剩余   9 天
[2026-03-18 12:57:18]   🟢 活跃 m4pke8zrd@duckmail.s | 剩余   9 天
[2026-03-18 12:57:18]   🟢 活跃 96madhqngv7@duckmail | 剩余   9 天
[2026-03-18 12:57:18]   🟢 活跃 41xcbnrhletw2@duckma | 剩余   9 天
[2026-03-18 12:57:18]   🟢 活跃 65lgea8j3@duckmail.s | 剩余   9 天
[2026-03-18 12:57:18]   🟢 活跃 2j0jaynvtvg5@duckmai | 剩余   9 天
[2026-03-18 12:57:18]   🟢 活跃 96madhqngv7@duckmail | 剩余   9 天
[2026-03-18 12:57:18]   🟢 活跃 necu0g078tc60@duckma | 剩余   9 天
[2026-03-18 12:57:18]   🟢 活跃 x6pcntk8@duckmail.sb | 剩余   9 天
[2026-03-18 12:57:18]   🟢 活跃 i5c07s4sf2h@duckmail | 剩余   9 天
[2026-03-18 12:57:18]   🟢 活跃 cd3fyb6e@duckmail.sb | 剩余   4 天
[2026-03-18 12:57:18]   🟢 活跃 z1ie7tzdeseo@duckmai | 剩余   4 天
[2026-03-18 12:57:18]   🟢 活跃 i5c07s4sf2h@duckmail | 剩余   4 天
[2026-03-19 02:58:18] 📊 总账号: 18 | 可用: 18
[2026-03-19 02:58:18]   🟢 活跃 65lgea8j3@duckmail.s | 剩余   8 天
[2026-03-19 02:58:18]   🟢 活跃 pnhctke5xuk@duckmail | 剩余   8 天
[2026-03-19 02:58:18]   🟢 活跃 ayy8keahf9lf@duckmai | 剩余   8 天
[2026-03-19 02:58:18]   🟢 活跃 z1ie7tzdeseo@duckmai | 剩余   8 天
[2026-03-19 02:58:18]   🟢 活跃 t2ed73jf@duckmail.sb | 剩余   8 天
[2026-03-19 02:58:18]   🟢 活跃 cd3fyb6e@duckmail.sb | 剩余   8 天
[2026-03-19 02:58:18]   🟢 活跃 m4pke8zrd@duckmail.s | 剩余   8 天
[2026-03-19 02:58:18]   🟢 活跃 96madhqngv7@duckmail | 剩余   8 天
[2026-03-19 02:58:18]   🟢 活跃 41xcbnrhletw2@duckma | 剩余   8 天
[2026-03-19 02:58:18]   🟢 活跃 65lgea8j3@duckmail.s | 剩余   8 天
[2026-03-19 02:58:18]   🟢 活跃 2j0jaynvtvg5@duckmai | 剩余   8 天
[2026-03-19 02:58:18]   🟢 活跃 96madhqngv7@duckmail | 剩余   8 天
[2026-03-19 02:58:18]   🟢 活跃 necu0g078tc60@duckma | 剩余   8 天
[2026-03-19 02:58:18]   🟢 活跃 x6pcntk8@duckmail.sb | 剩余   8 天
[2026-03-19 02:58:18]   🟢 活跃 i5c07s4sf2h@duckmail | 剩余   8 天
[2026-03-19 02:58:18]   🟢 活跃 cd3fyb6e@duckmail.sb | 剩余   3 天
[2026-03-19 02:58:18]   🟢 活跃 z1ie7tzdeseo@duckmai | 剩余   3 天
[2026-03-19 02:58:18]   🟢 活跃 i5c07s4sf2h@duckmail | 剩余   3 天
